#
# A fatal error has been detected by the Java Runtime Environment:
#
#  EXCEPTION_ACCESS_VIOLATION (0xc0000005) at pc=0x53d90c10, pid=8440, tid=2888
#
# JRE version: 7.0_09-b05
# Java VM: Java HotSpot(TM) Client VM (23.5-b02 mixed mode windows-x86 )
# Problematic frame:
# V  [jvm.dll+0x20c10]
#
# Failed to write core dump. Minidumps are not enabled by default on client versions of Windows
#
# If you would like to submit a bug report, please visit:
#   http://bugreport.sun.com/bugreport/crash.jsp
#

---------------  T H R E A D  ---------------

Current thread (0x17b08400):  JavaThread "JDWP Transport Listener: dt_socket" daemon [_thread_in_vm, id=2888, stack(0x18340000,0x18390000)]

siginfo: ExceptionCode=0xc0000005, reading address 0x00000008

Registers:
EAX=0x03b0ecf0, EBX=0x03b0ecf0, ECX=0x00000000, EDX=0x00000000
ESP=0x1838f820, EBP=0x1838f824, ESI=0x00000000, EDI=0x17b08400
EIP=0x53d90c10, EFLAGS=0x00010246

Top of Stack: (sp=0x1838f820)
0x1838f820:   17b08528 1838f84c 53e164d3 03b0ecf0
0x1838f830:   17b08528 68c1e174 68c1e15c 17b08400
0x1838f840:   00000000 17b08528 1838f910 68c1e99c
0x1838f850:   68c063b2 17b08528 0062d20c 00000000
0x1838f860:   1838f884 1838f910 1922c6c8 1838f8c0
0x1838f870:   0062d20c 1838f890 68c0bd12 1838f890
0x1838f880:   1838f8c4 68c1e890 70da5004 68c22c68
0x1838f890:   18795cf0 0000000b 00000000 00000013 

Instructions: (pc=0x53d90c10)
0x53d90bf0:   8b 0d 38 1d 07 54 85 c9 7e 05 8b 0c 01 eb 02 33
0x53d90c00:   c9 8b 15 3c 1d 07 54 85 d2 7e 05 8b 04 02 eb 03
0x53d90c10:   8b 46 08 85 c0 75 0f 33 c9 50 51 e8 c0 cb 14 00
0x53d90c20:   83 c4 08 5e 5d c3 8d 4c 4e 0c 50 51 e8 af cb 14 


Register to memory mapping:

EAX=0x03b0ecf0 is an oop
java.lang.String 
 - klass: 'java/lang/String'
EBX=0x03b0ecf0 is an oop
java.lang.String 
 - klass: 'java/lang/String'
ECX=0x00000000 is an unknown value
EDX=0x00000000 is an unknown value
ESP=0x1838f820 is pointing into the stack for thread: 0x17b08400
EBP=0x1838f824 is pointing into the stack for thread: 0x17b08400
ESI=0x00000000 is an unknown value
EDI=0x17b08400 is a thread


Stack: [0x18340000,0x18390000],  sp=0x1838f820,  free space=318k
Native frames: (J=compiled Java code, j=interpreted, Vv=VM code, C=native code)
V  [jvm.dll+0x20c10]
V  [jvm.dll+0xa64d3]


---------------  P R O C E S S  ---------------

Java Threads: ( => current thread )
  0x1879f000 JavaThread "Timer-2" [_thread_blocked, id=7004, stack(0x19050000,0x190a0000)]
  0x187a0400 JavaThread "qtp745797-46" [_thread_blocked, id=9208, stack(0x189e0000,0x18a30000)]
  0x1879d000 JavaThread "qtp745797-45-acceptor-0-ServerConnector@1c1c532{HTTP/1.1}{0.0.0.0:8000}" [_thread_in_native, id=6728, stack(0x18230000,0x18280000)]
  0x1879dc00 JavaThread "qtp745797-44" [_thread_blocked, id=4488, stack(0x18da0000,0x18df0000)]
  0x1879e800 JavaThread "qtp745797-43-selector-1" [_thread_in_native, id=4160, stack(0x18c70000,0x18cc0000)]
  0x1879f400 JavaThread "qtp745797-42" [_thread_blocked, id=4324, stack(0x18ce0000,0x18d30000)]
  0x187a0800 JavaThread "qtp745797-41-selector-0" [_thread_in_native, id=752, stack(0x18c00000,0x18c50000)]
  0x1879e400 JavaThread "qtp745797-40" [_thread_blocked, id=9640, stack(0x18b90000,0x18be0000)]
  0x1879d800 JavaThread "qtp745797-39" [_thread_blocked, id=9024, stack(0x18aa0000,0x18af0000)]
  0x18723400 JavaThread "DateCache" daemon [_thread_blocked, id=10132, stack(0x18b00000,0x18b50000)]
  0x1862a800 JavaThread "ReaderThread" [_thread_in_native, id=5452, stack(0x182e0000,0x18330000)]
  0x17b2dc00 JavaThread "Service Thread" daemon [_thread_blocked, id=8636, stack(0x18460000,0x184b0000)]
  0x17b23000 JavaThread "C1 CompilerThread0" daemon [_thread_blocked, id=6468, stack(0x18500000,0x18550000)]
  0x17b14400 JavaThread "JDWP Command Reader" daemon [_thread_in_native, id=4156, stack(0x00cd0000,0x00d20000)]
  0x17b12c00 JavaThread "JDWP Event Helper Thread" daemon [_thread_blocked, id=9600, stack(0x181e0000,0x18230000)]
=>0x17b08400 JavaThread "JDWP Transport Listener: dt_socket" daemon [_thread_in_vm, id=2888, stack(0x18340000,0x18390000)]
  0x17b01c00 JavaThread "Attach Listener" daemon [_thread_blocked, id=5748, stack(0x17eb0000,0x17f00000)]
  0x17afec00 JavaThread "Signal Dispatcher" daemon [_thread_blocked, id=2808, stack(0x17e10000,0x17e60000)]
  0x17aa5800 JavaThread "Finalizer" daemon [_thread_blocked, id=7388, stack(0x00d20000,0x00d70000)]
  0x0062f800 JavaThread "Reference Handler" daemon [_thread_blocked, id=6388, stack(0x17cf0000,0x17d40000)]
  0x004ce400 JavaThread "main" [_thread_blocked, id=2408, stack(0x004e0000,0x00530000)]

Other Threads:
  0x0062c400 VMThread [stack: 0x00c50000,0x00ca0000] [id=8420]
  0x17b40400 WatcherThread [stack: 0x17d50000,0x17da0000] [id=7284]

VM state:not at safepoint (normal execution)

VM Mutex/Monitor currently owned by a thread: None

Heap
 def new generation   total 4928K, used 1081K [0x03aa0000, 0x03ff0000, 0x08ff0000)
  eden space 4416K,  12% used [0x03aa0000, 0x03b2e750, 0x03ef0000)
  from space 512K, 100% used [0x03f70000, 0x03ff0000, 0x03ff0000)
  to   space 512K,   0% used [0x03ef0000, 0x03ef0000, 0x03f70000)
 tenured generation   total 10944K, used 5337K [0x08ff0000, 0x09aa0000, 0x13aa0000)
   the space 10944K,  48% used [0x08ff0000, 0x09526660, 0x09526800, 0x09aa0000)
 compacting perm gen  total 12288K, used 8642K [0x13aa0000, 0x146a0000, 0x17aa0000)
   the space 12288K,  70% used [0x13aa0000, 0x143109c8, 0x14310a00, 0x146a0000)
No shared spaces configured.

Card table byte_map: [0x00ac0000,0x00b70000] byte_map_base: 0x00aa2b00

Polling page: 0x00450000

Code Cache  [0x01aa0000, 0x01bc8000, 0x03aa0000)
 total_blobs=480 nmethods=321 adapters=102 free_code_cache=31609Kb largest_free_block=32367232

Compilation events (10 events):
Event: 18.011 Thread 0x17b23000  315             java.util.ArrayList::indexOf (67 bytes)
Event: 18.011 Thread 0x17b23000 nmethod 315 0x01bbfec8 code [0x01bbffe0, 0x01bc014c]
Event: 18.015 Thread 0x17b23000  316             java.util.Properties$LineReader::readLine (452 bytes)
Event: 18.016 Thread 0x17b23000 nmethod 316 0x01bc02c8 code [0x01bc0450, 0x01bc0bec]
Event: 22.642 Thread 0x17b23000  317             java.lang.ThreadLocal$ThreadLocalMap::getEntry (42 bytes)
Event: 22.643 Thread 0x17b23000 nmethod 317 0x01bc1248 code [0x01bc1350, 0x01bc144c]
Event: 29.150 Thread 0x17b23000  318             java.util.Calendar::internalSet (8 bytes)
Event: 29.151 Thread 0x17b23000 nmethod 318 0x01bc1588 code [0x01bc1680, 0x01bc1720]
Event: 29.151 Thread 0x17b23000  319             java.util.Calendar::setFieldsComputed (117 bytes)
Event: 29.151 Thread 0x17b23000 nmethod 319 0x01bc17c8 code [0x01bc18e0, 0x01bc1aa0]

GC Heap History (10 events):
Event: 12.655 GC heap before
{Heap before GC invocations=6 (full 0):
 def new generation   total 4928K, used 4928K [0x03aa0000, 0x03ff0000, 0x08ff0000)
  eden space 4416K, 100% used [0x03aa0000, 0x03ef0000, 0x03ef0000)
  from space 512K, 100% used [0x03ef0000, 0x03f70000, 0x03f70000)
  to   space 512K,   0% used [0x03f70000, 0x03f70000, 0x03ff0000)
 tenured generation   total 10944K, used 3030K [0x08ff0000, 0x09aa0000, 0x13aa0000)
   the space 10944K,  27% used [0x08ff0000, 0x092e5aa8, 0x092e5c00, 0x09aa0000)
 compacting perm gen  total 12288K, used 6823K [0x13aa0000, 0x146a0000, 0x17aa0000)
   the space 12288K,  55% used [0x13aa0000, 0x14149db0, 0x14149e00, 0x146a0000)
No shared spaces configured.
Event: 12.657 GC heap after
Heap after GC invocations=7 (full 0):
 def new generation   total 4928K, used 512K [0x03aa0000, 0x03ff0000, 0x08ff0000)
  eden space 4416K,   0% used [0x03aa0000, 0x03aa0000, 0x03ef0000)
  from space 512K, 100% used [0x03f70000, 0x03ff0000, 0x03ff0000)
  to   space 512K,   0% used [0x03ef0000, 0x03ef0000, 0x03f70000)
 tenured generation   total 10944K, used 3278K [0x08ff0000, 0x09aa0000, 0x13aa0000)
   the space 10944K,  29% used [0x08ff0000, 0x09323ab0, 0x09323c00, 0x09aa0000)
 compacting perm gen  total 12288K, used 6823K [0x13aa0000, 0x146a0000, 0x17aa0000)
   the space 12288K,  55% used [0x13aa0000, 0x14149db0, 0x14149e00, 0x146a0000)
No shared spaces configured.
}
Event: 12.728 GC heap before
{Heap before GC invocations=7 (full 0):
 def new generation   total 4928K, used 4928K [0x03aa0000, 0x03ff0000, 0x08ff0000)
  eden space 4416K, 100% used [0x03aa0000, 0x03ef0000, 0x03ef0000)
  from space 512K, 100% used [0x03f70000, 0x03ff0000, 0x03ff0000)
  to   space 512K,   0% used [0x03ef0000, 0x03ef0000, 0x03f70000)
 tenured generation   total 10944K, used 3278K [0x08ff0000, 0x09aa0000, 0x13aa0000)
   the space 10944K,  29% used [0x08ff0000, 0x09323ab0, 0x09323c00, 0x09aa0000)
 compacting perm gen  total 12288K, used 7474K [0x13aa0000, 0x146a0000, 0x17aa0000)
   the space 12288K,  60% used [0x13aa0000, 0x141eca00, 0x141eca00, 0x146a0000)
No shared spaces configured.
Event: 12.730 GC heap after
Heap after GC invocations=8 (full 0):
 def new generation   total 4928K, used 511K [0x03aa0000, 0x03ff0000, 0x08ff0000)
  eden space 4416K,   0% used [0x03aa0000, 0x03aa0000, 0x03ef0000)
  from space 512K,  99% used [0x03ef0000, 0x03f6ffd0, 0x03f70000)
  to   space 512K,   0% used [0x03f70000, 0x03f70000, 0x03ff0000)
 tenured generation   total 10944K, used 3594K [0x08ff0000, 0x09aa0000, 0x13aa0000)
   the space 10944K,  32% used [0x08ff0000, 0x09372bb0, 0x09372c00, 0x09aa0000)
 compacting perm gen  total 12288K, used 7474K [0x13aa0000, 0x146a0000, 0x17aa0000)
   the space 12288K,  60% used [0x13aa0000, 0x141eca00, 0x141eca00, 0x146a0000)
No shared spaces configured.
}
Event: 12.804 GC heap before
{Heap before GC invocations=8 (full 0):
 def new generation   total 4928K, used 4927K [0x03aa0000, 0x03ff0000, 0x08ff0000)
  eden space 4416K, 100% used [0x03aa0000, 0x03ef0000, 0x03ef0000)
  from space 512K,  99% used [0x03ef0000, 0x03f6ffd0, 0x03f70000)
  to   space 512K,   0% used [0x03f70000, 0x03f70000, 0x03ff0000)
 tenured generation   total 10944K, used 3594K [0x08ff0000, 0x09aa0000, 0x13aa0000)
   the space 10944K,  32% used [0x08ff0000, 0x09372bb0, 0x09372c00, 0x09aa0000)
 compacting perm gen  total 12288K, used 7859K [0x13aa0000, 0x146a0000, 0x17aa0000)
   the space 12288K,  63% used [0x13aa0000, 0x1424cc40, 0x1424ce00, 0x146a0000)
No shared spaces configured.
Event: 12.806 GC heap after
Heap after GC invocations=9 (full 0):
 def new generation   total 4928K, used 439K [0x03aa0000, 0x03ff0000, 0x08ff0000)
  eden space 4416K,   0% used [0x03aa0000, 0x03aa0000, 0x03ef0000)
  from space 512K,  85% used [0x03f70000, 0x03fddd30, 0x03ff0000)
  to   space 512K,   0% used [0x03ef0000, 0x03ef0000, 0x03f70000)
 tenured generation   total 10944K, used 3706K [0x08ff0000, 0x09aa0000, 0x13aa0000)
   the space 10944K,  33% used [0x08ff0000, 0x0938e828, 0x0938ea00, 0x09aa0000)
 compacting perm gen  total 12288K, used 7859K [0x13aa0000, 0x146a0000, 0x17aa0000)
   the space 12288K,  63% used [0x13aa0000, 0x1424cc40, 0x1424ce00, 0x146a0000)
No shared spaces configured.
}
Event: 12.901 GC heap before
{Heap before GC invocations=9 (full 0):
 def new generation   total 4928K, used 4855K [0x03aa0000, 0x03ff0000, 0x08ff0000)
  eden space 4416K, 100% used [0x03aa0000, 0x03ef0000, 0x03ef0000)
  from space 512K,  85% used [0x03f70000, 0x03fddd30, 0x03ff0000)
  to   space 512K,   0% used [0x03ef0000, 0x03ef0000, 0x03f70000)
 tenured generation   total 10944K, used 3706K [0x08ff0000, 0x09aa0000, 0x13aa0000)
   the space 10944K,  33% used [0x08ff0000, 0x0938e828, 0x0938ea00, 0x09aa0000)
 compacting perm gen  total 12288K, used 8280K [0x13aa0000, 0x146a0000, 0x17aa0000)
   the space 12288K,  67% used [0x13aa0000, 0x142b63a0, 0x142b6400, 0x146a0000)
No shared spaces configured.
Event: 12.905 GC heap after
Heap after GC invocations=10 (full 0):
 def new generation   total 4928K, used 512K [0x03aa0000, 0x03ff0000, 0x08ff0000)
  eden space 4416K,   0% used [0x03aa0000, 0x03aa0000, 0x03ef0000)
  from space 512K, 100% used [0x03ef0000, 0x03f70000, 0x03f70000)
  to   space 512K,   0% used [0x03f70000, 0x03f70000, 0x03ff0000)
 tenured generation   total 10944K, used 4740K [0x08ff0000, 0x09aa0000, 0x13aa0000)
   the space 10944K,  43% used [0x08ff0000, 0x09491398, 0x09491400, 0x09aa0000)
 compacting perm gen  total 12288K, used 8280K [0x13aa0000, 0x146a0000, 0x17aa0000)
   the space 12288K,  67% used [0x13aa0000, 0x142b63a0, 0x142b6400, 0x146a0000)
No shared spaces configured.
}
Event: 18.005 GC heap before
{Heap before GC invocations=10 (full 0):
 def new generation   total 4928K, used 4928K [0x03aa0000, 0x03ff0000, 0x08ff0000)
  eden space 4416K, 100% used [0x03aa0000, 0x03ef0000, 0x03ef0000)
  from space 512K, 100% used [0x03ef0000, 0x03f70000, 0x03f70000)
  to   space 512K,   0% used [0x03f70000, 0x03f70000, 0x03ff0000)
 tenured generation   total 10944K, used 4740K [0x08ff0000, 0x09aa0000, 0x13aa0000)
   the space 10944K,  43% used [0x08ff0000, 0x09491398, 0x09491400, 0x09aa0000)
 compacting perm gen  total 12288K, used 8634K [0x13aa0000, 0x146a0000, 0x17aa0000)
   the space 12288K,  70% used [0x13aa0000, 0x1430e998, 0x1430ea00, 0x146a0000)
No shared spaces configured.
Event: 18.008 GC heap after
Heap after GC invocations=11 (full 0):
 def new generation   total 4928K, used 512K [0x03aa0000, 0x03ff0000, 0x08ff0000)
  eden space 4416K,   0% used [0x03aa0000, 0x03aa0000, 0x03ef0000)
  from space 512K, 100% used [0x03f70000, 0x03ff0000, 0x03ff0000)
  to   space 512K,   0% used [0x03ef0000, 0x03ef0000, 0x03f70000)
 tenured generation   total 10944K, used 5337K [0x08ff0000, 0x09aa0000, 0x13aa0000)
   the space 10944K,  48% used [0x08ff0000, 0x09526660, 0x09526800, 0x09aa0000)
 compacting perm gen  total 12288K, used 8634K [0x13aa0000, 0x146a0000, 0x17aa0000)
   the space 12288K,  70% used [0x13aa0000, 0x1430e998, 0x1430ea00, 0x146a0000)
No shared spaces configured.
}

Deoptimization events (0 events):
No events

Internal exceptions (10 events):
Event: 14.257 Thread 0x004ce400 Threw 0x03e68338 at C:\jdk7u1_32P\jdk7u9_3984_new\hotspot\src\share\vm\prims\jvm.cpp:1166
Event: 14.262 Thread 0x004ce400 Threw 0x03e7e360 at C:\jdk7u1_32P\jdk7u9_3984_new\hotspot\src\share\vm\prims\jvm.cpp:1166
Event: 14.265 Thread 0x004ce400 Threw 0x03ec3130 at C:\jdk7u1_32P\jdk7u9_3984_new\hotspot\src\share\vm\prims\jvm.cpp:1166
Event: 18.014 Thread 0x004ce400 Threw 0x03aabf80 at C:\jdk7u1_32P\jdk7u9_3984_new\hotspot\src\share\vm\prims\jvm.cpp:1166
Event: 18.015 Thread 0x004ce400 Threw 0x03ab43d8 at C:\jdk7u1_32P\jdk7u9_3984_new\hotspot\src\share\vm\prims\jvm.cpp:1166
Event: 18.017 Thread 0x004ce400 Threw 0x03ad91b0 at C:\jdk7u1_32P\jdk7u9_3984_new\hotspot\src\share\vm\prims\jvm.cpp:1166
Event: 18.018 Thread 0x004ce400 Threw 0x03ae1f08 at C:\jdk7u1_32P\jdk7u9_3984_new\hotspot\src\share\vm\prims\jvm.cpp:1166
Event: 18.018 Thread 0x004ce400 Threw 0x03aeb7b8 at C:\jdk7u1_32P\jdk7u9_3984_new\hotspot\src\share\vm\prims\jvm.cpp:1166
Event: 18.018 Thread 0x004ce400 Threw 0x03af47b8 at C:\jdk7u1_32P\jdk7u9_3984_new\hotspot\src\share\vm\prims\jvm.cpp:1166
Event: 18.019 Thread 0x004ce400 Threw 0x03afec08 at C:\jdk7u1_32P\jdk7u9_3984_new\hotspot\src\share\vm\prims\jvm.cpp:1166

Events (10 events):
Event: 50.183 Executing VM operation: GetObjectMonitorUsage
Event: 50.183 Executing VM operation: GetObjectMonitorUsage done
Event: 50.205 Executing VM operation: GetOrSetLocal
Event: 50.205 Executing VM operation: GetOrSetLocal done
Event: 50.207 Executing VM operation: GetOrSetLocal
Event: 50.207 Executing VM operation: GetOrSetLocal done
Event: 50.406 Executing VM operation: GetOrSetLocal
Event: 50.406 Executing VM operation: GetOrSetLocal done
Event: 50.406 Executing VM operation: GetOrSetLocal
Event: 50.406 Executing VM operation: GetOrSetLocal done


Dynamic libraries:
0x00e70000 - 0x00e9f000 	C:\Program Files\Java\jdk1.7.0_09\bin\javaw.exe
0x777d0000 - 0x7790c000 	C:\Windows\SYSTEM32\ntdll.dll
0x75e20000 - 0x75ef4000 	C:\Windows\system32\kernel32.dll
0x75be0000 - 0x75c2b000 	C:\Windows\system32\KERNELBASE.dll
0x774a0000 - 0x77540000 	C:\Windows\system32\ADVAPI32.dll
0x761c0000 - 0x7626c000 	C:\Windows\system32\msvcrt.dll
0x77920000 - 0x77939000 	C:\Windows\SYSTEM32\sechost.dll
0x76270000 - 0x76311000 	C:\Windows\system32\RPCRT4.dll
0x77700000 - 0x777c9000 	C:\Windows\system32\USER32.dll
0x75fa0000 - 0x75fee000 	C:\Windows\system32\GDI32.dll
0x75e10000 - 0x75e1a000 	C:\Windows\system32\LPK.dll
0x770e0000 - 0x7717d000 	C:\Windows\system32\USP10.dll
0x747f0000 - 0x7498e000 	C:\Windows\WinSxS\x86_microsoft.windows.common-controls_6595b64144ccf1df_6.0.7600.16661_none_420fe3fa2b8113bd\COMCTL32.dll
0x779a0000 - 0x779f7000 	C:\Windows\system32\SHLWAPI.dll
0x77480000 - 0x7749f000 	C:\Windows\system32\IMM32.DLL
0x77210000 - 0x772dc000 	C:\Windows\system32\MSCTF.dll
0x65220000 - 0x652de000 	C:\Program Files\Java\jdk1.7.0_09\jre\bin\msvcr100.dll
0x53d70000 - 0x540bd000 	C:\Program Files\Java\jdk1.7.0_09\jre\bin\client\jvm.dll
0x72e20000 - 0x72e27000 	C:\Windows\system32\WSOCK32.dll
0x75ff0000 - 0x76025000 	C:\Windows\system32\WS2_32.dll
0x77910000 - 0x77916000 	C:\Windows\system32\NSI.dll
0x73b90000 - 0x73bc2000 	C:\Windows\system32\WINMM.dll
0x75d80000 - 0x75d85000 	C:\Windows\system32\PSAPI.DLL
0x737e0000 - 0x737ec000 	C:\Program Files\Java\jdk1.7.0_09\jre\bin\verify.dll
0x688e0000 - 0x68900000 	C:\Program Files\Java\jdk1.7.0_09\jre\bin\java.dll
0x68c00000 - 0x68c2a000 	C:\Program Files\Java\jdk1.7.0_09\jre\bin\jdwp.dll
0x73830000 - 0x73837000 	C:\Program Files\Java\jdk1.7.0_09\jre\bin\npt.dll
0x688c0000 - 0x688d3000 	C:\Program Files\Java\jdk1.7.0_09\jre\bin\zip.dll
0x70da0000 - 0x70da8000 	C:\Program Files\Java\jdk1.7.0_09\jre\bin\dt_socket.dll
0x73aa0000 - 0x73ab0000 	C:\Windows\system32\NLAapi.dll
0x753d0000 - 0x7540c000 	C:\Windows\System32\mswsock.dll
0x75290000 - 0x752d4000 	C:\Windows\system32\DNSAPI.dll
0x68fb0000 - 0x68fb8000 	C:\Windows\System32\winrnr.dll
0x68fa0000 - 0x68fb0000 	C:\Windows\system32\napinsp.dll
0x68f80000 - 0x68f92000 	C:\Windows\system32\pnrpnsp.dll
0x6f370000 - 0x6f391000 	C:\Program Files\Bonjour\mdnsNSP.dll
0x73720000 - 0x7373c000 	C:\Windows\system32\Iphlpapi.DLL
0x73680000 - 0x73687000 	C:\Windows\system32\WINNSI.DLL
0x73570000 - 0x735a8000 	C:\Windows\System32\fwpuclnt.dll
0x6f360000 - 0x6f366000 	C:\Windows\system32\rasadhlp.dll
0x74ee0000 - 0x74ee5000 	C:\Windows\System32\wshtcpip.dll
0x68890000 - 0x688a4000 	C:\Program Files\Java\jdk1.7.0_09\jre\bin\net.dll
0x753c0000 - 0x753c6000 	C:\Windows\System32\wship6.dll
0x70f20000 - 0x70f2f000 	C:\Program Files\Java\jdk1.7.0_09\jre\bin\nio.dll
0x75410000 - 0x75426000 	C:\Windows\system32\CRYPTSP.dll
0x751b0000 - 0x751eb000 	C:\Windows\system32\rsaenh.dll
0x74fb0000 - 0x74fc7000 	C:\Windows\system32\USERENV.dll
0x75960000 - 0x7596b000 	C:\Windows\system32\profapi.dll
0x758e0000 - 0x758ec000 	C:\Windows\system32\CRYPTBASE.dll
0x67a10000 - 0x67afb000 	C:\Windows\system32\dbghelp.dll

VM Arguments:
jvm_args: -agentlib:jdwp=transport=dt_socket,suspend=y,address=localhost:57574 -Dfile.encoding=UTF-8 
java_command: org.eclipse.jdt.internal.junit.runner.RemoteTestRunner -version 3 -port 57573 -testLoaderClass org.eclipse.jdt.internal.junit4.runner.JUnit4TestLoader -loaderpluginname org.eclipse.jdt.junit4.runtime -classNames org.uncertweb.ps.handler.json.JSONRequestParserTest
Launcher Type: SUN_STANDARD

Environment Variables:
JAVA_HOME=C:\Program Files\Java\jdk1.7.0_09
CLASSPATH=.;C:\Program Files\Apache Software Foundation\XMLBeans 2.5.0\lib\xbean.jar;C:\Program Files\Apache Software Foundation\XMLBeans 2.5.0\lib\jsr173_1.0_api.jar;C:\Program Files\Java\jre7\lib\ext\QTJava.zip
PATH=C:\Program Files\Java\jdk1.7.0_09\jre\bin;C:/Program Files/Java/jre7/bin/client;C:/Program Files/Java/jre7/bin;C:/Program Files/Java/jre7/lib/i386;C:\Ruby192\bin;C:\Program Files\Mendeley Desktop\wordPlugin;C:\Windows\system32;C:\Windows;C:\Windows\System32\Wbem;C:\Windows\System32\WindowsPowerShell\v1.0\;c:\Program Files\Microsoft SQL Server\90\Tools\binn\;C:\Program Files\MATLAB\R2009a\bin;C:\Program Files\MATLAB\R2009a\bin\win32;C:\xampplite\php;C:\Program Files\Apache Software Foundation\Maven 3.0\bin;C:\Program Files\Java\jdk1.7.0_09\bin;C:\Program Files\Apache Software Foundation\Ant 1.7.1\bin;C:\Program Files\Apache Software Foundation\Axis2 1.5.1\bin;C:\Program Files\Intel\DMIX;C:\Program Files\Tools\curl\;C:\Program Files\TortoiseSVN\bin;C:\Program Files\Apache Software Foundation\XMLBeans 2.5.0\bin;C:\Program Files\FWTools2.4.7\bin;C:\grails\bin;C:\Program Files\QuickTime\QTSystem\;C:\strawberry\c\bin;C:\strawberry\perl\site\bin;C:\strawberry\perl\bin;C:\texlive\2012\bin\win32;C:\Program Files\SumatraPDF;C:\Program Files\eclipse-juno;
USERNAME=jonesrm1
OS=Windows_NT
PROCESSOR_IDENTIFIER=x86 Family 6 Model 23 Stepping 10, GenuineIntel



---------------  S Y S T E M  ---------------

OS: Windows 7 Build 7600 

CPU:total 2 (2 cores per cpu, 1 threads per core) family 6 model 23 stepping 10, cmov, cx8, fxsr, mmx, sse, sse2, sse3, ssse3, sse4.1, tsc

Memory: 4k page, physical 3141224k(1048144k free), swap 6280684k(2748016k free)

vm_info: Java HotSpot(TM) Client VM (23.5-b02) for windows-x86 JRE (1.7.0_09-b05), built on Sep 24 2012 22:01:33 by "java_re" with unknown MS VC++:1600

time: Tue Mar 12 15:57:03 2013
elapsed time: 50 seconds

